<?xml version="1.0" encoding="UTF-8"?>
<testsuite xmlns:xsi="http://www.w3.org/2001/XMLSchema-instance" xsi:noNamespaceSchemaLocation="https://maven.apache.org/surefire/maven-surefire-plugin/xsd/surefire-test-report-3.0.xsd" version="3.0" name="EletrodomesticosTest" time="0.064" tests="16" errors="0" skipped="0" failures="14">
  <properties>
[...]
</properties>
  <testcase name="testModoTrabalhoPersiana" classname="EletrodomesticosTest" time="0.024">
    <failure type="org.opentest4j.AssertionFailedError"><![CDATA[org.opentest4j.AssertionFailedError: expected: <Modo Trabalho ativado: Persiana aberta.> but was: <Modo Trabalho ativado: Palheta NatLight aberta.>
	at EletrodomesticosTest.testModoTrabalhoPersiana(EletrodomesticosTest.java:84)
]]></failure>
  </testcase>
  <testcase name="testVerificarEstadoPalhetaNatLight" classname="EletrodomesticosTest" time="0.001">
    <failure type="org.opentest4j.AssertionFailedError"><![CDATA[org.opentest4j.AssertionFailedError: expected: <Palheta da persiana NatLight estÃ¡ fechada.> but was: <Palheta da persiana NatLight estÃ¡ aberta>
	at EletrodomesticosTest.testVerificarEstadoPalhetaNatLight(EletrodomesticosTest.java:72)
]]></failure>
  </testcase>
  <testcase name="testDesligarArCondicionado" classname="EletrodomesticosTest" time="0.001">
    <failure type="org.opentest4j.AssertionFailedError"><![CDATA[org.opentest4j.AssertionFailedError: expected: <Ar-condicionado GellaKaza desligado.> but was: <Ambos os ares-condicionados foram desligados.>
	at EletrodomesticosTest.testDesligarArCondicionado(EletrodomesticosTest.java:98)
]]></failure>
  </testcase>
  <testcase name="testAbrirPalhetaNatLight" classname="EletrodomesticosTest" time="0">
    <failure type="org.opentest4j.AssertionFailedError"><![CDATA[org.opentest4j.AssertionFailedError: expected: <Palheta da persiana NatLight aberta.> but was: <Palheta da persiana NatLight aberta>
	at EletrodomesticosTest.testAbrirPalhetaNatLight(EletrodomesticosTest.java:60)
]]></failure>
  </testcase>
  <testcase name="testLigarArCondicionado" classname="EletrodomesticosTest" time="0.001">
    <failure type="org.opentest4j.AssertionFailedError"><![CDATA[org.opentest4j.AssertionFailedError: expected: <Ar-condicionado GellaKaza ligado.> but was: <Ambos os ares-condicionados foram ligados.>
	at EletrodomesticosTest.testLigarArCondicionado(EletrodomesticosTest.java:91)
]]></failure>
  </testcase>
  <testcase name="testDiminuirTemperaturaGellaKaza" classname="EletrodomesticosTest" time="0.001">
    <failure type="org.opentest4j.AssertionFailedError"><![CDATA[org.opentest4j.AssertionFailedError: expected: <Temperatura do ar-condicionado GellaKaza diminuÃ­da.> but was: <Temperatura do GellaKaza diminuÃ­da para: 27>
	at EletrodomesticosTest.testDiminuirTemperaturaGellaKaza(EletrodomesticosTest.java:110)
]]></failure>
  </testcase>
  <testcase name="testModoSonoArCondicionado" classname="EletrodomesticosTest" time="0.001"/>
  <testcase name="testModoSonoPersiana" classname="EletrodomesticosTest" time="0.001">
    <failure type="org.opentest4j.AssertionFailedError"><![CDATA[org.opentest4j.AssertionFailedError: expected: <Modo Sono ativado: Persiana fechada.> but was: <Modo Sono ativado: Persiana Solarius fechada.>
	at EletrodomesticosTest.testModoSonoPersiana(EletrodomesticosTest.java:78)
]]></failure>
  </testcase>
  <testcase name="testDesligarPhellipes" classname="EletrodomesticosTest" time="0.001">
    <failure type="org.opentest4j.AssertionFailedError"><![CDATA[org.opentest4j.AssertionFailedError: expected: <LÃ¢mpada Phellipes desligada.> but was: <LÃ¢mpada Phellipes desligada>
	at EletrodomesticosTest.testDesligarPhellipes(EletrodomesticosTest.java:35)
]]></failure>
  </testcase>
  <testcase name="testModoSonoLampada" classname="EletrodomesticosTest" time="0.001">
    <failure type="org.opentest4j.AssertionFailedError"><![CDATA[org.opentest4j.AssertionFailedError: expected: <Modo Sono ativado: LÃ¢mpada desligada.> but was: <Modo Sono ativado: LÃ¢mpada Phellipes desligada.>
	at EletrodomesticosTest.testModoSonoLampada(EletrodomesticosTest.java:47)
]]></failure>
  </testcase>
  <testcase name="testAumentarTemperaturaGellaKaza" classname="EletrodomesticosTest" time="0">
    <failure type="org.opentest4j.AssertionFailedError"><![CDATA[org.opentest4j.AssertionFailedError: expected: <Temperatura do ar-condicionado GellaKaza aumentada.> but was: <Temperatura do GellaKaza aumentada para: 29>
	at EletrodomesticosTest.testAumentarTemperaturaGellaKaza(EletrodomesticosTest.java:104)
]]></failure>
  </testcase>
  <testcase name="testDefinirIntensidadePhellipes" classname="EletrodomesticosTest" time="0">
    <failure type="org.opentest4j.AssertionFailedError"><![CDATA[org.opentest4j.AssertionFailedError: expected: <Intensidade da lÃ¢mpada Phellipes ajustada para 75%.> but was: <Intensidade da lÃ¢mpada Phellipes definida para 75>
	at EletrodomesticosTest.testDefinirIntensidadePhellipes(EletrodomesticosTest.java:41)
]]></failure>
  </testcase>
  <testcase name="testModoTrabalhoLampada" classname="EletrodomesticosTest" time="0">
    <failure type="org.opentest4j.AssertionFailedError"><![CDATA[org.opentest4j.AssertionFailedError: expected: <Modo Trabalho ativado: LÃ¢mpada ligada com intensidade 100%.> but was: <Modo Trabalho ativado: LÃ¢mpada Phellipes ligada com intensidade 100%.>
	at EletrodomesticosTest.testModoTrabalhoLampada(EletrodomesticosTest.java:53)
]]></failure>
  </testcase>
  <testcase name="testLigarPhellipes" classname="EletrodomesticosTest" time="0">
    <failure type="org.opentest4j.AssertionFailedError"><![CDATA[org.opentest4j.AssertionFailedError: expected: <LÃ¢mpada Phellipes ligada.> but was: <LÃ¢mpada Phellipes ligada>
	at EletrodomesticosTest.testLigarPhellipes(EletrodomesticosTest.java:28)
]]></failure>
  </testcase>
  <testcase name="testFecharPalhetaNatLight" classname="EletrodomesticosTest" time="0">
    <failure type="org.opentest4j.AssertionFailedError"><![CDATA[org.opentest4j.AssertionFailedError: expected: <Palheta da persiana NatLight fechada.> but was: <Palheta não pode ser fechada com a persiana erguida>
	at EletrodomesticosTest.testFecharPalhetaNatLight(EletrodomesticosTest.java:66)
]]></failure>
  </testcase>
  <testcase name="testModoTrabalhoArCondicionado" classname="EletrodomesticosTest" time="0.001"/>
</testsuite>